2025-07-18 00:09:18 - scheduler.crawler_scheduler - INFO - Added ASIN B019QZBS10 to watchlist with daily frequency
2025-07-18 00:09:20 - scheduler.crawler_scheduler - INFO - Crawler scheduler started - Daily crawl at 09:00
2025-07-18 00:09:20 - scheduler.crawler_scheduler - ERROR - Failed to start scheduler: 'Job identifier (daily_crawl) conflicts with an existing job'
2025-07-18 00:09:20 - api.main - ERROR - Failed to start application: 'Job identifier (daily_crawl) conflicts with an existing job'
2025-07-18 00:09:21 - scheduler.crawler_scheduler - INFO - Crawler scheduler stopped
2025-07-18 00:15:04 - __main__ - INFO - .env file already exists
2025-07-18 00:15:04 - __main__ - INFO - Starting Amazon Product Crawler...
2025-07-18 00:15:04 - __main__ - INFO - Initializing database...
2025-07-18 00:15:04 - __main__ - INFO - Starting crawler scheduler...
2025-07-18 00:15:04 - scheduler.crawler_scheduler - INFO - Crawler scheduler started - Daily crawl at 09:00
2025-07-18 00:15:04 - __main__ - INFO - Application initialized successfully!
2025-07-18 00:15:04 - __main__ - INFO - Starting web server on http://127.0.0.1:8000
2025-07-18 00:15:04 - scheduler.crawler_scheduler - INFO - Crawler scheduler started - Daily crawl at 09:00
2025-07-18 00:15:04 - api.main - INFO - Application started successfully
2025-07-18 00:26:51 - scheduler.crawler_scheduler - INFO - Manual crawl requested for ASIN: B0DZZWMB2L
2025-07-18 00:26:55 - crawler.amazon_crawler - ERROR - Failed to setup Chrome driver: [WinError 193] %1 is not a valid Win32 application
2025-07-18 00:26:55 - scheduler.crawler_scheduler - ERROR - Error in manual crawl for B0DZZWMB2L: [WinError 193] %1 is not a valid Win32 application
2025-07-18 00:28:24 - scheduler.crawler_scheduler - INFO - Manual crawl requested for ASIN: B0DZZWMB2L
2025-07-18 00:28:25 - crawler.amazon_crawler - ERROR - Failed to setup Chrome driver: [WinError 193] %1 is not a valid Win32 application
2025-07-18 00:28:25 - scheduler.crawler_scheduler - ERROR - Error in manual crawl for B0DZZWMB2L: [WinError 193] %1 is not a valid Win32 application
2025-07-18 10:37:40 - __main__ - INFO - .env file already exists
2025-07-18 10:37:40 - __main__ - INFO - Starting Amazon Product Crawler...
2025-07-18 10:37:40 - __main__ - INFO - Initializing database...
2025-07-18 10:37:40 - __main__ - INFO - Starting crawler scheduler...
2025-07-18 10:37:40 - scheduler.crawler_scheduler - INFO - Crawler scheduler started - Daily crawl at 09:00
2025-07-18 10:37:40 - __main__ - INFO - Application initialized successfully!
2025-07-18 10:37:40 - __main__ - INFO - Starting web server on http://127.0.0.1:8000
2025-07-18 10:37:41 - scheduler.crawler_scheduler - INFO - Crawler scheduler started - Daily crawl at 09:00
2025-07-18 10:37:41 - api.main - INFO - Application started successfully
2025-07-18 10:42:36 - scheduler.crawler_scheduler - INFO - Manual crawl requested for ASIN: B0DZZWMB2L
2025-07-18 10:42:37 - crawler.amazon_crawler - ERROR - Failed to setup Chrome driver: [WinError 193] %1 is not a valid Win32 application
2025-07-18 10:42:37 - scheduler.crawler_scheduler - ERROR - Error in manual crawl for B0DZZWMB2L: [WinError 193] %1 is not a valid Win32 application
2025-07-18 10:44:27 - __main__ - INFO - .env file already exists
2025-07-18 10:44:27 - __main__ - INFO - Testing crawl for ASIN: B0DZZWMB2L
2025-07-18 10:44:27 - crawler.amazon_crawler - INFO - Attempting ChromeDriverManager setup...
2025-07-18 10:44:28 - crawler.amazon_crawler - INFO - ChromeDriver found at: C:\Users\Admin\.wdm\drivers\chromedriver\win64\138.0.7204.157\chromedriver-win32/THIRD_PARTY_NOTICES.chromedriver
2025-07-18 10:44:28 - crawler.amazon_crawler - WARNING - ChromeDriverManager failed: [WinError 193] %1 is not a valid Win32 application
2025-07-18 10:44:28 - crawler.amazon_crawler - INFO - Attempting system ChromeDriver...
2025-07-18 10:44:33 - crawler.amazon_crawler - INFO - System ChromeDriver setup successful
2025-07-18 10:44:33 - crawler.amazon_crawler - INFO - Chrome driver setup successful
2025-07-18 10:44:33 - crawler.amazon_crawler - INFO - Crawling product: B0DZZWMB2L from https://www.amazon.com/dp/B0DZZWMB2L
2025-07-18 10:44:39 - crawler.amazon_crawler - INFO - Successfully crawled product B0DZZWMB2L
2025-07-18 10:44:40 - crawler.amazon_crawler - INFO - Created new product record for ASIN: B0DZZWMB2L
2025-07-18 10:44:40 - crawler.amazon_crawler - ERROR - Error saving to database: database.models.ProductCrawlHistory() got multiple values for keyword argument 'asin'
2025-07-18 10:44:46 - __main__ - INFO - Test crawl successful!
2025-07-18 10:45:12 - __main__ - INFO - .env file already exists
2025-07-18 10:45:12 - __main__ - INFO - Testing crawl for ASIN: B0DZZWMB2L
2025-07-18 10:45:12 - crawler.amazon_crawler - INFO - Attempting ChromeDriverManager setup...
2025-07-18 10:45:13 - crawler.amazon_crawler - INFO - ChromeDriver found at: C:\Users\Admin\.wdm\drivers\chromedriver\win64\138.0.7204.157\chromedriver-win32/THIRD_PARTY_NOTICES.chromedriver
2025-07-18 10:45:13 - crawler.amazon_crawler - WARNING - ChromeDriverManager failed: [WinError 193] %1 is not a valid Win32 application
2025-07-18 10:45:13 - crawler.amazon_crawler - INFO - Attempting system ChromeDriver...
2025-07-18 10:45:14 - crawler.amazon_crawler - INFO - System ChromeDriver setup successful
2025-07-18 10:45:14 - crawler.amazon_crawler - INFO - Chrome driver setup successful
2025-07-18 10:45:14 - crawler.amazon_crawler - INFO - Crawling product: B0DZZWMB2L from https://www.amazon.com/dp/B0DZZWMB2L
2025-07-18 10:45:21 - crawler.amazon_crawler - INFO - Successfully crawled product B0DZZWMB2L
2025-07-18 10:45:21 - crawler.amazon_crawler - INFO - Saved crawl data for ASIN: B0DZZWMB2L
2025-07-18 10:45:27 - __main__ - INFO - Test crawl successful!
2025-07-18 10:58:47 - __main__ - INFO - .env file already exists
2025-07-18 10:58:47 - __main__ - INFO - Testing crawl for ASIN: B019OZBSJ8
2025-07-18 10:58:47 - crawler.amazon_crawler - INFO - Attempting ChromeDriverManager setup...
2025-07-18 10:58:49 - crawler.amazon_crawler - INFO - ChromeDriver found at: C:\Users\Admin\.wdm\drivers\chromedriver\win64\138.0.7204.157\chromedriver-win32/THIRD_PARTY_NOTICES.chromedriver
2025-07-18 10:58:49 - crawler.amazon_crawler - WARNING - ChromeDriverManager failed: [WinError 193] %1 is not a valid Win32 application
2025-07-18 10:58:49 - crawler.amazon_crawler - INFO - Attempting system ChromeDriver...
2025-07-18 10:58:50 - crawler.amazon_crawler - INFO - System ChromeDriver setup successful
2025-07-18 10:58:50 - crawler.amazon_crawler - INFO - Chrome driver setup successful
2025-07-18 10:58:50 - crawler.amazon_crawler - INFO - Crawling product: B019OZBSJ8 from https://www.amazon.com/dp/B019OZBSJ8
2025-07-18 10:58:57 - crawler.amazon_crawler - INFO - Successfully crawled product B019OZBSJ8
2025-07-18 10:58:57 - crawler.amazon_crawler - INFO - Created new product record for ASIN: B019OZBSJ8
2025-07-18 10:58:57 - crawler.amazon_crawler - INFO - Saved crawl data for ASIN: B019OZBSJ8
2025-07-18 10:59:04 - __main__ - INFO - Test crawl successful!
2025-07-18 11:00:00 - scheduler.crawler_scheduler - INFO - Updating hourly stats
