2025-07-24 21:02:12 - __main__ - INFO - .env file already exists
2025-07-24 21:02:12 - __main__ - INFO - Testing crawl for ASIN: B0D62XSBPZ
2025-07-24 21:02:12 - crawler.amazon_crawler - INFO - HEADLESS_BROWSER setting: True
2025-07-24 21:02:12 - crawler.amazon_crawler - INFO - Running in HEADLESS mode (browser hidden)
2025-07-24 21:02:12 - crawler.amazon_crawler - INFO - Attempting ChromeDriverManager setup...
2025-07-24 21:02:16 - crawler.amazon_crawler - INFO - ChromeDriver found at: C:\Users\Admin\.wdm\drivers\chromedriver\win64\138.0.7204.168\chromedriver-win32/THIRD_PARTY_NOTICES.chromedriver
2025-07-24 21:02:16 - crawler.amazon_crawler - WARNING - ChromeDriverManager failed: [WinError 193] %1 is not a valid Win32 application
2025-07-24 21:02:16 - crawler.amazon_crawler - INFO - Attempting system ChromeDriver...
2025-07-24 21:02:19 - crawler.amazon_crawler - INFO - System ChromeDriver setup successful
2025-07-24 21:02:19 - crawler.amazon_crawler - INFO - Chrome driver setup successful
2025-07-24 21:02:19 - crawler.amazon_crawler - INFO - Crawling product: B0D62XSBPZ from https://www.amazon.com/dp/B0D62XSBPZ
2025-07-24 21:02:26 - crawler.amazon_crawler - INFO - Current delivery location: Vietnam
2025-07-24 21:02:26 - crawler.amazon_crawler - INFO - Setting delivery location to New York 10009...
2025-07-24 21:02:26 - crawler.amazon_crawler - INFO - Attempting to set delivery location to zip code: 10009
2025-07-24 21:02:27 - crawler.amazon_crawler - INFO - Clicked delivery location button
2025-07-24 21:02:31 - crawler.amazon_crawler - INFO - Entered zip code: 10009 (human-like typing)
2025-07-24 21:02:33 - crawler.amazon_crawler - INFO - Clicked Apply button
2025-07-24 21:02:41 - crawler.amazon_crawler - INFO - Clicked Continue button (JavaScript)
2025-07-24 21:02:41 - crawler.amazon_crawler - INFO - Waiting 7 seconds for page to load updated data...
2025-07-24 21:02:48 - crawler.amazon_crawler - INFO - Extracted title: ZAFRO 8,000 BTU Portable Air Conditioners, 4 Modes...
2025-07-24 21:02:49 - crawler.amazon_crawler - INFO - Extracted 6 about_this_item bullet points
2025-07-24 21:02:49 - crawler.amazon_crawler - INFO - Found corePriceDisplay_desktop_feature_div container
2025-07-24 21:02:49 - crawler.amazon_crawler - INFO - Extracting all pricing from corePriceDisplay container
2025-07-24 21:02:49 - crawler.amazon_crawler - INFO - Extracted sale price from corePriceDisplay: $189.0
2025-07-24 21:02:49 - crawler.amazon_crawler - INFO - Found percentage text in corePriceDisplay: '-24%'
2025-07-24 21:02:49 - crawler.amazon_crawler - INFO - Extracted sale percentage from corePriceDisplay: 24%
2025-07-24 21:02:49 - crawler.amazon_crawler - INFO - Found list price text in corePriceDisplay: '$249.99'
2025-07-24 21:02:49 - crawler.amazon_crawler - INFO - Extracted list price from corePriceDisplay: $249.99
2025-07-24 21:02:49 - crawler.amazon_crawler - INFO - Final pricing from corePriceDisplay: sale=$189.0, list=$249.99, discount=24%
2025-07-24 21:02:49 - crawler.amazon_crawler - INFO - Found rating text: '4.1'
2025-07-24 21:02:49 - crawler.amazon_crawler - INFO - Extracted rating: 4.1
2025-07-24 21:02:49 - crawler.amazon_crawler - INFO - Found 0 thumbnail elements in ivThumbs
2025-07-24 21:02:49 - crawler.amazon_crawler - INFO - Falling back to imageBlock extraction...
2025-07-24 21:02:49 - crawler.amazon_crawler - INFO - Found #imageBlock container - extracting media from this container
2025-07-24 21:02:51 - crawler.amazon_crawler - INFO - Found 6 thumbnail elements
2025-07-24 21:02:51 - crawler.amazon_crawler - INFO - Added visible thumbnail: 31X9amvMP+L
2025-07-24 21:02:51 - crawler.amazon_crawler - INFO - Added visible thumbnail: 41mOVwAbAgL
2025-07-24 21:02:51 - crawler.amazon_crawler - INFO - Added visible thumbnail: 41yc7CTdwsL
2025-07-24 21:02:51 - crawler.amazon_crawler - INFO - Added visible thumbnail: 417s726+JVL
2025-07-24 21:02:51 - crawler.amazon_crawler - INFO - Added visible thumbnail: 51tzmlcQqJL
2025-07-24 21:02:51 - crawler.amazon_crawler - INFO - Found 3 additional hidden images
2025-07-24 21:02:51 - crawler.amazon_crawler - INFO - Added visible thumbnail: 510dZVVeWGL
2025-07-24 21:02:51 - crawler.amazon_crawler - INFO - Total images: 9 (6 visible + 3 hidden)
2025-07-24 21:02:51 - crawler.amazon_crawler - INFO - Searching for main images in right panel...
2025-07-24 21:02:51 - crawler.amazon_crawler - INFO - Found 1 images for itemNo0
2025-07-24 21:02:52 - crawler.amazon_crawler - INFO - General selector 'ul.maintain-height li.image.item img' found 1 additional images
2025-07-24 21:02:52 - crawler.amazon_crawler - INFO - General selector '#landingImage' found 1 additional images
2025-07-24 21:02:52 - crawler.amazon_crawler - INFO - General selector '.imgTagWrapper img' found 1 additional images
2025-07-24 21:02:52 - crawler.amazon_crawler - INFO - Total unique main images found: 1
2025-07-24 21:02:52 - crawler.amazon_crawler - INFO - Added main image 1: 51oMXFuQfdL
2025-07-24 21:02:52 - crawler.amazon_crawler - INFO - Extracted 7 unique image URLs from #imageBlock
2025-07-24 21:02:52 - crawler.amazon_crawler - INFO - Found 0 video carousel containers (fallback)
2025-07-24 21:02:52 - crawler.amazon_crawler - INFO - No product videos found (fallback)
2025-07-24 21:02:52 - crawler.amazon_crawler - INFO - Found lightning deal: 10% claimed
2025-07-24 21:02:52 - crawler.amazon_crawler - INFO - Found bag sale info: 4K+ bought in past month
2025-07-24 21:02:52 - crawler.amazon_crawler - INFO - Extracted best deal: Limited time deal
2025-07-24 21:02:52 - crawler.amazon_crawler - INFO - Found lightning deal: 10% claimed
2025-07-24 21:02:52 - crawler.amazon_crawler - INFO - Extracted bag_sale: 4K+ bought in past month
2025-07-24 21:02:52 - crawler.amazon_crawler - INFO - Extracted sold_by_link: Amazon.com
2025-07-24 21:02:53 - crawler.amazon_crawler - INFO - Extracted 7 technical specifications
2025-07-24 21:02:53 - crawler.amazon_crawler - WARNING - Could not extract product_description: Message: no such element: Unable to locate element: {"method":"css selector","selector":"#productDescription"}
  (Session info: chrome=138.0.7204.158); For documentation on this error, please visit: https://www.selenium.dev/documentation/webdriver/troubleshooting/errors#no-such-element-exception
Stacktrace:
	GetHandleVerifier [0x0x7ff70246e935+77845]
	GetHandleVerifier [0x0x7ff70246e990+77936]
	(No symbol) [0x0x7ff702229cda]
	(No symbol) [0x0x7ff7022806aa]
	(No symbol) [0x0x7ff70228095c]
	(No symbol) [0x0x7ff7022d3d07]
	(No symbol) [0x0x7ff7022a890f]
	(No symbol) [0x0x7ff7022d0b07]
	(No symbol) [0x0x7ff7022a86a3]
	(No symbol) [0x0x7ff702271791]
	(No symbol) [0x0x7ff702272523]
	GetHandleVerifier [0x0x7ff70274684d+3059501]
	GetHandleVerifier [0x0x7ff702740c0d+3035885]
	GetHandleVerifier [0x0x7ff702760400+3164896]
	GetHandleVerifier [0x0x7ff702488c3e+185118]
	GetHandleVerifier [0x0x7ff70249054f+216111]
	GetHandleVerifier [0x0x7ff7024772e4+113092]
	GetHandleVerifier [0x0x7ff702477499+113529]
	GetHandleVerifier [0x0x7ff70245e298+10616]
	BaseThreadInitThunk [0x0x7ffd1aebe8d7+23]
	RtlUserThreadStart [0x0x7ffd1c17c34c+44]

2025-07-24 21:02:53 - crawler.amazon_crawler - INFO - Extracted product_description from #aplus: 261 characters
2025-07-24 21:02:53 - crawler.amazon_crawler - INFO - Final sale_percentage: 24% (preserved from extraction)
2025-07-24 21:02:53 - crawler.amazon_crawler - INFO - Successfully crawled product B0D62XSBPZ
2025-07-24 21:02:53 - crawler.amazon_crawler - INFO - Created new product record for ASIN: B0D62XSBPZ
2025-07-24 21:02:53 - crawler.amazon_crawler - INFO - Saved crawl data for ASIN: B0D62XSBPZ with 24 fields
2025-07-24 21:03:00 - __main__ - INFO - Test crawl successful!
2025-07-24 21:07:28 - __main__ - INFO - .env file already exists
2025-07-24 21:07:28 - __main__ - INFO - Testing crawl for ASIN: B0D62XSBPZ
2025-07-24 21:07:28 - crawler.amazon_crawler - INFO - HEADLESS_BROWSER setting: True
2025-07-24 21:07:28 - crawler.amazon_crawler - INFO - Running in HEADLESS mode (browser hidden)
2025-07-24 21:07:28 - crawler.amazon_crawler - INFO - Attempting ChromeDriverManager setup...
2025-07-24 21:07:30 - crawler.amazon_crawler - INFO - ChromeDriver found at: C:\Users\Admin\.wdm\drivers\chromedriver\win64\138.0.7204.168\chromedriver-win32/THIRD_PARTY_NOTICES.chromedriver
2025-07-24 21:07:30 - crawler.amazon_crawler - WARNING - ChromeDriverManager failed: [WinError 193] %1 is not a valid Win32 application
2025-07-24 21:07:30 - crawler.amazon_crawler - INFO - Attempting system ChromeDriver...
2025-07-24 21:07:32 - crawler.amazon_crawler - INFO - System ChromeDriver setup successful
2025-07-24 21:07:32 - crawler.amazon_crawler - INFO - Chrome driver setup successful
2025-07-24 21:07:32 - crawler.amazon_crawler - INFO - Crawling product: B0D62XSBPZ from https://www.amazon.com/dp/B0D62XSBPZ
2025-07-24 21:07:42 - crawler.amazon_crawler - INFO - Current delivery location: Vietnam
2025-07-24 21:07:42 - crawler.amazon_crawler - INFO - Setting delivery location to New York 10009...
2025-07-24 21:07:42 - crawler.amazon_crawler - INFO - Attempting to set delivery location to zip code: 10009
2025-07-24 21:07:43 - crawler.amazon_crawler - INFO - Clicked delivery location button
2025-07-24 21:07:48 - crawler.amazon_crawler - INFO - Entered zip code: 10009 (human-like typing)
2025-07-24 21:07:49 - crawler.amazon_crawler - INFO - Clicked Apply button
2025-07-24 21:07:57 - crawler.amazon_crawler - INFO - Clicked Continue button (JavaScript)
2025-07-24 21:07:57 - crawler.amazon_crawler - INFO - Waiting 7 seconds for page to load updated data...
2025-07-24 21:08:04 - crawler.amazon_crawler - INFO - Extracted title: ZAFRO 8,000 BTU Portable Air Conditioners, 4 Modes...
2025-07-24 21:08:05 - crawler.amazon_crawler - INFO - Extracted 6 about_this_item bullet points
2025-07-24 21:08:05 - crawler.amazon_crawler - INFO - Found corePriceDisplay_desktop_feature_div container
2025-07-24 21:08:05 - crawler.amazon_crawler - INFO - Extracting all pricing from corePriceDisplay container
2025-07-24 21:08:05 - crawler.amazon_crawler - INFO - Extracted sale price from corePriceDisplay: $189.0
2025-07-24 21:08:05 - crawler.amazon_crawler - INFO - Found percentage text in corePriceDisplay: '-24%'
2025-07-24 21:08:05 - crawler.amazon_crawler - INFO - Extracted sale percentage from corePriceDisplay: 24%
2025-07-24 21:08:05 - crawler.amazon_crawler - INFO - Found list price text in corePriceDisplay: '$249.99'
2025-07-24 21:08:05 - crawler.amazon_crawler - INFO - Extracted list price from corePriceDisplay: $249.99
2025-07-24 21:08:05 - crawler.amazon_crawler - INFO - Final pricing from corePriceDisplay: sale=$189.0, list=$249.99, discount=24%
2025-07-24 21:08:05 - crawler.amazon_crawler - INFO - Found rating text: '4.1'
2025-07-24 21:08:05 - crawler.amazon_crawler - INFO - Extracted rating: 4.1
2025-07-24 21:08:05 - crawler.amazon_crawler - INFO - Found 0 thumbnail elements in ivThumbs
2025-07-24 21:08:05 - crawler.amazon_crawler - INFO - Falling back to imageBlock extraction...
2025-07-24 21:08:05 - crawler.amazon_crawler - INFO - Found #imageBlock container - extracting media from this container
2025-07-24 21:08:07 - crawler.amazon_crawler - INFO - Found 6 thumbnail elements
2025-07-24 21:08:07 - crawler.amazon_crawler - INFO - Added visible thumbnail: 31X9amvMP+L
2025-07-24 21:08:07 - crawler.amazon_crawler - INFO - Added visible thumbnail: 41mOVwAbAgL
2025-07-24 21:08:07 - crawler.amazon_crawler - INFO - Added visible thumbnail: 41yc7CTdwsL
2025-07-24 21:08:07 - crawler.amazon_crawler - INFO - Added visible thumbnail: 417s726+JVL
2025-07-24 21:08:07 - crawler.amazon_crawler - INFO - Added visible thumbnail: 51tzmlcQqJL
2025-07-24 21:08:07 - crawler.amazon_crawler - INFO - Found 3 additional hidden images
2025-07-24 21:08:07 - crawler.amazon_crawler - INFO - Added visible thumbnail: 510dZVVeWGL
2025-07-24 21:08:07 - crawler.amazon_crawler - INFO - Total images: 9 (6 visible + 3 hidden)
2025-07-24 21:08:07 - crawler.amazon_crawler - INFO - Searching for main images in right panel...
2025-07-24 21:08:07 - crawler.amazon_crawler - INFO - Found 1 images for itemNo0
2025-07-24 21:08:08 - crawler.amazon_crawler - INFO - General selector 'ul.maintain-height li.image.item img' found 1 additional images
2025-07-24 21:08:08 - crawler.amazon_crawler - INFO - General selector '#landingImage' found 1 additional images
2025-07-24 21:08:08 - crawler.amazon_crawler - INFO - General selector '.imgTagWrapper img' found 1 additional images
2025-07-24 21:08:08 - crawler.amazon_crawler - INFO - Total unique main images found: 1
2025-07-24 21:08:08 - crawler.amazon_crawler - INFO - Added main image 1: 51oMXFuQfdL
2025-07-24 21:08:08 - crawler.amazon_crawler - INFO - Extracted 7 unique image URLs from #imageBlock
2025-07-24 21:08:08 - crawler.amazon_crawler - INFO - Found video thumbnail with count (fallback): 8 VIDEOS
2025-07-24 21:08:09 - crawler.amazon_crawler - INFO - Clicked video thumbnail to open popup (fallback)
2025-07-24 21:08:12 - crawler.amazon_crawler - INFO - Found 1 video carousel containers (fallback) after clicking thumbnail
2025-07-24 21:08:12 - crawler.amazon_crawler - INFO - Found 'Videos for this product' section (fallback)
2025-07-24 21:08:12 - crawler.amazon_crawler - INFO - Found product video (fallback): 'ZAFRO Portable Air Conditioner Quick Set Guide' - https://amazon.com/vdp/0000b1caea8f4471bbb9816019a177fd
2025-07-24 21:08:12 - crawler.amazon_crawler - INFO - Found product video (fallback): 'Fullview of ZAFRO portablr air conditioner and how to use it' - https://amazon.com/vdp/09a6156d73d84c518454480c00ef0644
2025-07-24 21:08:12 - crawler.amazon_crawler - INFO - Found product video (fallback): 'ZAFRO portable air conditioners quick guide' - https://amazon.com/vdp/010272ae1e3a4aa8a33c938390f83542
2025-07-24 21:08:12 - crawler.amazon_crawler - INFO - Found product video (fallback): 'DONT MAKE MY MISTAKE! Full Install #ad' - https://amazon.com/vdp/0f558bfe6b8a411b9f4b963fb88da035
2025-07-24 21:08:12 - crawler.amazon_crawler - INFO - Found product video (fallback): 'NOBODY TELLS YOU THIS.. Zafro A/C #ad' - https://amazon.com/vdp/04aceb6a209b433684b77e2ef7057df6
2025-07-24 21:08:12 - crawler.amazon_crawler - INFO - Found product video (fallback): 'Portable Air Conditioner, 4 Modes, Fast Cooling, Remote' - https://amazon.com/vdp/0dab6dafa6c44f84b7463b81520141cd
2025-07-24 21:08:12 - crawler.amazon_crawler - INFO - Found product video (fallback): 'HOW TO USE. IN UNDER 3min! #ad' - https://amazon.com/vdp/02b62637c34340e3b6e43d42aa9ae75b
2025-07-24 21:08:12 - crawler.amazon_crawler - INFO - Found product video (fallback): 'EVERYTHING YOU NEED. Unboxed &amp; Reviewed #ad' - https://amazon.com/vdp/0133300a28564001a2113046e691c63d
2025-07-24 21:08:13 - crawler.amazon_crawler - INFO - Found product video (fallback): 'Great ac unit' - https://amazon.com/vdp/0f9efe332b8b4107b3e34d3e44a9ca9a
2025-07-24 21:08:13 - crawler.amazon_crawler - INFO - Found product video (fallback): 'Great Buy' - https://amazon.com/vdp/0d20243ee26048089be5e9bdbc32884e
2025-07-24 21:08:13 - crawler.amazon_crawler - INFO - Extracted 10 videos from 'Videos for this product' section (fallback)
2025-07-24 21:08:13 - crawler.amazon_crawler - INFO - Total product videos found (fallback): 10
2025-07-24 21:08:13 - crawler.amazon_crawler - INFO - Video 1 (fallback): ZAFRO Portable Air Conditioner Quick Set Guide (4:01) - https://amazon.com/vdp/0000b1caea8f4471bbb9816019a177fd
2025-07-24 21:08:13 - crawler.amazon_crawler - INFO - Video 2 (fallback): Fullview of ZAFRO portablr air conditioner and how to use it (2:14) - https://amazon.com/vdp/09a6156d73d84c518454480c00ef0644
2025-07-24 21:08:13 - crawler.amazon_crawler - INFO - Video 3 (fallback): ZAFRO portable air conditioners quick guide (1:12) - https://amazon.com/vdp/010272ae1e3a4aa8a33c938390f83542
2025-07-24 21:08:13 - crawler.amazon_crawler - INFO - Video 4 (fallback): DONT MAKE MY MISTAKE! Full Install #ad (5:04) - https://amazon.com/vdp/0f558bfe6b8a411b9f4b963fb88da035
2025-07-24 21:08:13 - crawler.amazon_crawler - INFO - Video 5 (fallback): NOBODY TELLS YOU THIS.. Zafro A/C #ad (2:55) - https://amazon.com/vdp/04aceb6a209b433684b77e2ef7057df6
2025-07-24 21:08:13 - crawler.amazon_crawler - INFO - Video 6 (fallback): Portable Air Conditioner, 4 Modes, Fast Cooling, Remote (4:18) - https://amazon.com/vdp/0dab6dafa6c44f84b7463b81520141cd
2025-07-24 21:08:13 - crawler.amazon_crawler - INFO - Video 7 (fallback): HOW TO USE. IN UNDER 3min! #ad (2:36) - https://amazon.com/vdp/02b62637c34340e3b6e43d42aa9ae75b
2025-07-24 21:08:13 - crawler.amazon_crawler - INFO - Video 8 (fallback): EVERYTHING YOU NEED. Unboxed &amp; Reviewed #ad (1:49) - https://amazon.com/vdp/0133300a28564001a2113046e691c63d
2025-07-24 21:08:13 - crawler.amazon_crawler - INFO - Video 9 (fallback): Great ac unit (0:26) - https://amazon.com/vdp/0f9efe332b8b4107b3e34d3e44a9ca9a
2025-07-24 21:08:13 - crawler.amazon_crawler - INFO - Video 10 (fallback): Great Buy (0:20) - https://amazon.com/vdp/0d20243ee26048089be5e9bdbc32884e
2025-07-24 21:08:13 - crawler.amazon_crawler - INFO - Found lightning deal: 10% claimed
2025-07-24 21:08:13 - crawler.amazon_crawler - INFO - Found bag sale info: 4K+ bought in past month
2025-07-24 21:08:13 - crawler.amazon_crawler - INFO - Extracted best deal: Limited time deal
2025-07-24 21:08:13 - crawler.amazon_crawler - INFO - Found lightning deal: 10% claimed
2025-07-24 21:08:13 - crawler.amazon_crawler - INFO - Extracted bag_sale: 4K+ bought in past month
2025-07-24 21:08:13 - crawler.amazon_crawler - INFO - Extracted sold_by_link: Amazon.com
2025-07-24 21:08:14 - crawler.amazon_crawler - WARNING - Could not extract product_description: Message: no such element: Unable to locate element: {"method":"css selector","selector":"#productDescription"}
  (Session info: chrome=138.0.7204.158); For documentation on this error, please visit: https://www.selenium.dev/documentation/webdriver/troubleshooting/errors#no-such-element-exception
Stacktrace:
	GetHandleVerifier [0x0x7ff70246e935+77845]
	GetHandleVerifier [0x0x7ff70246e990+77936]
	(No symbol) [0x0x7ff702229cda]
	(No symbol) [0x0x7ff7022806aa]
	(No symbol) [0x0x7ff70228095c]
	(No symbol) [0x0x7ff7022d3d07]
	(No symbol) [0x0x7ff7022a890f]
	(No symbol) [0x0x7ff7022d0b07]
	(No symbol) [0x0x7ff7022a86a3]
	(No symbol) [0x0x7ff702271791]
	(No symbol) [0x0x7ff702272523]
	GetHandleVerifier [0x0x7ff70274684d+3059501]
	GetHandleVerifier [0x0x7ff702740c0d+3035885]
	GetHandleVerifier [0x0x7ff702760400+3164896]
	GetHandleVerifier [0x0x7ff702488c3e+185118]
	GetHandleVerifier [0x0x7ff70249054f+216111]
	GetHandleVerifier [0x0x7ff7024772e4+113092]
	GetHandleVerifier [0x0x7ff702477499+113529]
	GetHandleVerifier [0x0x7ff70245e298+10616]
	BaseThreadInitThunk [0x0x7ffd1aebe8d7+23]
	RtlUserThreadStart [0x0x7ffd1c17c34c+44]

2025-07-24 21:08:15 - crawler.amazon_crawler - INFO - Final sale_percentage: 24% (preserved from extraction)
2025-07-24 21:08:15 - crawler.amazon_crawler - INFO - Successfully crawled product B0D62XSBPZ
2025-07-24 21:08:15 - crawler.amazon_crawler - INFO - Saved crawl data for ASIN: B0D62XSBPZ with 24 fields
2025-07-24 21:08:21 - __main__ - INFO - Test crawl successful!
